<?xml version="1.0" encoding="UTF-8"?>
<!-- Generated by org.testng.reporters.JUnitXMLReporter -->
<testsuite ignored="0" hostname="venky" failures="0" tests="4" name="Test" time="15.382" errors="0" timestamp="2024-04-26T12:49:01 IST">
  <testcase classname="T6" name="logoPresence" time="0.099"/>
  <testcase classname="T6" name="loginTest" time="1.618"/>
  <testcase classname="T6" name="registrationTest" time="0.003">
    <skipped/>
  </testcase> <!-- registrationTest -->
  <testcase classname="T6" name="myaccountTest" time="0.518"/>
</testsuite> <!-- Test -->
